Set parameter Username
Set parameter LicenseID to value 2721113
Academic license - for non-commercial use only - expires 2026-10-12
Set parameter MIPGap to value 0.005
Set parameter Threads to value 0
Set parameter TimeLimit to value 21600
Set parameter MIPGap to value 0.005
Set parameter Threads to value 0
Set parameter TimeLimit to value 21600
Set parameter Username
Set parameter LicenseID to value 2721113
Academic license - for non-commercial use only - expires 2026-10-12
Set parameter MIPGap to value 0.005
Set parameter Threads to value 0
Set parameter TimeLimit to value 21600
Set parameter MIPGap to value 0.005
Set parameter Threads to value 0
Set parameter TimeLimit to value 21600
Set parameter Username
Set parameter LicenseID to value 2721113
Academic license - for non-commercial use only - expires 2026-10-12
Set parameter MIPGap to value 0.005
Set parameter Threads to value 0
Set parameter TimeLimit to value 21600
Set parameter MIPGap to value 0.005
Set parameter Threads to value 0
Set parameter TimeLimit to value 21600
Skipping: set RUN_ELEC37_24H_CAPEXP=1 to run this targeted manual CAPEXP study.
